<?xml version="1.0" encoding="UTF-8"?>
<!-- Generated by org.testng.reporters.JUnitReportReporter -->
<testsuite hostname="SubhanPC" failures="0" tests="1" name="chezuba.searchFunctionality" time="1.530" errors="0" timestamp="2024-08-21T17:08:14 IST" skipped="0">
  <testcase classname="chezuba.searchFunctionality" name="testcase1" time="1.530"/>
  <system-out/>
</testsuite> <!-- chezuba.searchFunctionality -->
